# JRE version: OpenJDK Runtime Environment Temurin-21.0.9+10 (21.0.9+10) (build 21.0.9+10-LTS)
# Java VM: OpenJDK 64-Bit Server VM Temurin-21.0.9+10 (21.0.9+10-LTS, mixed mode, sharing, tiered, compressed oops, compressed class ptrs, parallel gc, windows-amd64)
GC Precious Log:
 CardTable entry size: 512
 CPUs: 8 total, 8 available
 Memory: 16110M
 Large Page Support: Disabled
 NUMA Support: Disabled
 Compressed Oops: Enabled (32-bit)
 Alignments: Space 512K, Generation 512K, Heap 2M
 Heap Min Capacity: 100M
 Heap Initial Capacity: 100M
 Heap Max Capacity: 2G
 Pre-touch: Disabled
 Parallel Workers: 8
Heap:
 PSYoungGen      total 7680K, used 3550K [0x00000000d5580000, 0x00000000d5e80000, 0x0000000100000000)
  eden space 6144K, 53% used [0x00000000d5580000,0x00000000d58b7ae8,0x00000000d5b80000)
  from space 1536K, 16% used [0x00000000d5c00000,0x00000000d5c40000,0x00000000d5d80000)
  to   space 1024K, 0% used [0x00000000d5d80000,0x00000000d5d80000,0x00000000d5e80000)
 ParOldGen       total 1342464K, used 1342062K [0x0000000080000000, 0x00000000d1f00000, 0x00000000d5580000)
  object space 1342464K, 99% used [0x0000000080000000,0x00000000d1e9ba10,0x00000000d1f00000)
 Metaspace       used 105382K, committed 107200K, reserved 1179648K
  class space    used 10241K, committed 11136K, reserved 1048576K
GC Heap History (20 events):
Event: 611754.534 GC heap before
{Heap before GC invocations=11364 (full 15):
 PSYoungGen      total 6656K, used 6639K [0x00000000d5580000, 0x00000000d6580000, 0x0000000100000000)
  eden space 4096K, 100% used [0x00000000d5580000,0x00000000d5980000,0x00000000d5980000)
  from space 2560K, 99% used [0x00000000d5980000,0x00000000d5bfbdc0,0x00000000d5c00000)
  to   space 5632K, 0% used [0x00000000d6000000,0x00000000d6000000,0x00000000d6580000)
 ParOldGen       total 1333248K, used 1333189K [0x0000000080000000, 0x00000000d1600000, 0x00000000d5580000)
  object space 1333248K, 99% used [0x0000000080000000,0x00000000d15f1738,0x00000000d1600000)
 Metaspace       used 105380K, committed 107200K, reserved 1179648K
  class space    used 10241K, committed 11136K, reserved 1048576K
}
Event: 611754.536 GC heap after
{Heap after GC invocations=11364 (full 15):
 PSYoungGen      total 6144K, used 544K [0x00000000d5580000, 0x00000000d6100000, 0x0000000100000000)
  eden space 5120K, 0% used [0x00000000d5580000,0x00000000d5580000,0x00000000d5a80000)
  from space 1024K, 53% used [0x00000000d6000000,0x00000000d6088000,0x00000000d6100000)
  to   space 2560K, 0% used [0x00000000d5c00000,0x00000000d5c00000,0x00000000d5e80000)
 ParOldGen       total 1335808K, used 1335643K [0x0000000080000000, 0x00000000d1880000, 0x00000000d5580000)
  object space 1335808K, 99% used [0x0000000080000000,0x00000000d1856f60,0x00000000d1880000)
 Metaspace       used 105380K, committed 107200K, reserved 1179648K
  class space    used 10241K, committed 11136K, reserved 1048576K
}
Event: 611754.552 GC heap before
{Heap before GC invocations=11365 (full 15):
 PSYoungGen      total 6144K, used 5664K [0x00000000d5580000, 0x00000000d6100000, 0x0000000100000000)
  eden space 5120K, 100% used [0x00000000d5580000,0x00000000d5a80000,0x00000000d5a80000)
  from space 1024K, 53% used [0x00000000d6000000,0x00000000d6088000,0x00000000d6100000)
  to   space 2560K, 0% used [0x00000000d5c00000,0x00000000d5c00000,0x00000000d5e80000)
 ParOldGen       total 1335808K, used 1335643K [0x0000000080000000, 0x00000000d1880000, 0x00000000d5580000)
  object space 1335808K, 99% used [0x0000000080000000,0x00000000d1856f60,0x00000000d1880000)
 Metaspace       used 105380K, committed 107200K, reserved 1179648K
  class space    used 10241K, committed 11136K, reserved 1048576K
}
Event: 611754.554 GC heap after
{Heap after GC invocations=11365 (full 15):
 PSYoungGen      total 8704K, used 464K [0x00000000d5580000, 0x00000000d6080000, 0x0000000100000000)
  eden space 6144K, 0% used [0x00000000d5580000,0x00000000d5580000,0x00000000d5b80000)
  from space 2560K, 18% used [0x00000000d5c00000,0x00000000d5c74010,0x00000000d5e80000)
  to   space 1024K, 0% used [0x00000000d5f80000,0x00000000d5f80000,0x00000000d6080000)
 ParOldGen       total 1336320K, used 1336079K [0x0000000080000000, 0x00000000d1900000, 0x00000000d5580000)
  object space 1336320K, 99% used [0x0000000080000000,0x00000000d18c3fd0,0x00000000d1900000)
 Metaspace       used 105380K, committed 107200K, reserved 1179648K
  class space    used 10241K, committed 11136K, reserved 1048576K
}
Event: 611754.911 GC heap before
{Heap before GC invocations=11366 (full 15):
 PSYoungGen      total 8704K, used 6608K [0x00000000d5580000, 0x00000000d6080000, 0x0000000100000000)
  eden space 6144K, 100% used [0x00000000d5580000,0x00000000d5b80000,0x00000000d5b80000)
  from space 2560K, 18% used [0x00000000d5c00000,0x00000000d5c74010,0x00000000d5e80000)
  to   space 1024K, 0% used [0x00000000d5f80000,0x00000000d5f80000,0x00000000d6080000)
 ParOldGen       total 1336320K, used 1336079K [0x0000000080000000, 0x00000000d1900000, 0x00000000d5580000)
  object space 1336320K, 99% used [0x0000000080000000,0x00000000d18c3fd0,0x00000000d1900000)
 Metaspace       used 105382K, committed 107200K, reserved 1179648K
  class space    used 10241K, committed 11136K, reserved 1048576K
}
Event: 611754.914 GC heap after
{Heap after GC invocations=11366 (full 15):
 PSYoungGen      total 7168K, used 1018K [0x00000000d5580000, 0x00000000d6080000, 0x0000000100000000)
  eden space 6144K, 0% used [0x00000000d5580000,0x00000000d5580000,0x00000000d5b80000)
  from space 1024K, 99% used [0x00000000d5f80000,0x00000000d607e920,0x00000000d6080000)
  to   space 2048K, 0% used [0x00000000d5c80000,0x00000000d5c80000,0x00000000d5e80000)
 ParOldGen       total 1336832K, used 1336538K [0x0000000080000000, 0x00000000d1980000, 0x00000000d5580000)
  object space 1336832K, 99% used [0x0000000080000000,0x00000000d1936910,0x00000000d1980000)
 Metaspace       used 105382K, committed 107200K, reserved 1179648K
  class space    used 10241K, committed 11136K, reserved 1048576K
}
Event: 611754.924 GC heap before
{Heap before GC invocations=11367 (full 15):
 PSYoungGen      total 7168K, used 7162K [0x00000000d5580000, 0x00000000d6080000, 0x0000000100000000)
  eden space 6144K, 100% used [0x00000000d5580000,0x00000000d5b80000,0x00000000d5b80000)
  from space 1024K, 99% used [0x00000000d5f80000,0x00000000d607e920,0x00000000d6080000)
  to   space 2048K, 0% used [0x00000000d5c80000,0x00000000d5c80000,0x00000000d5e80000)
 ParOldGen       total 1336832K, used 1336538K [0x0000000080000000, 0x00000000d1980000, 0x00000000d5580000)
  object space 1336832K, 99% used [0x0000000080000000,0x00000000d1936910,0x00000000d1980000)
 Metaspace       used 105382K, committed 107200K, reserved 1179648K
  class space    used 10241K, committed 11136K, reserved 1048576K
}
Event: 611754.926 GC heap after
{Heap after GC invocations=11367 (full 15):
 PSYoungGen      total 8192K, used 1152K [0x00000000d5580000, 0x00000000d6000000, 0x0000000100000000)
  eden space 6144K, 0% used [0x00000000d5580000,0x00000000d5580000,0x00000000d5b80000)
  from space 2048K, 56% used [0x00000000d5c80000,0x00000000d5da0150,0x00000000d5e80000)
  to   space 1536K, 0% used [0x00000000d5e80000,0x00000000d5e80000,0x00000000d6000000)
 ParOldGen       total 1337856K, used 1337505K [0x0000000080000000, 0x00000000d1a80000, 0x00000000d5580000)
  object space 1337856K, 99% used [0x0000000080000000,0x00000000d1a28770,0x00000000d1a80000)
 Metaspace       used 105382K, committed 107200K, reserved 1179648K
  class space    used 10241K, committed 11136K, reserved 1048576K
}
Event: 611754.951 GC heap before
{Heap before GC invocations=11368 (full 15):
 PSYoungGen      total 8192K, used 7296K [0x00000000d5580000, 0x00000000d6000000, 0x0000000100000000)
  eden space 6144K, 100% used [0x00000000d5580000,0x00000000d5b80000,0x00000000d5b80000)
  from space 2048K, 56% used [0x00000000d5c80000,0x00000000d5da0150,0x00000000d5e80000)
  to   space 1536K, 0% used [0x00000000d5e80000,0x00000000d5e80000,0x00000000d6000000)
 ParOldGen       total 1337856K, used 1337505K [0x0000000080000000, 0x00000000d1a80000, 0x00000000d5580000)
  object space 1337856K, 99% used [0x0000000080000000,0x00000000d1a28770,0x00000000d1a80000)
 Metaspace       used 105382K, committed 107200K, reserved 1179648K
  class space    used 10241K, committed 11136K, reserved 1048576K
}
Event: 611754.953 GC heap after
{Heap after GC invocations=11368 (full 15):
 PSYoungGen      total 7168K, used 576K [0x00000000d5580000, 0x00000000d5f80000, 0x0000000100000000)
  eden space 6144K, 0% used [0x00000000d5580000,0x00000000d5580000,0x00000000d5b80000)
  from space 1024K, 56% used [0x00000000d5e80000,0x00000000d5f10000,0x00000000d5f80000)
  to   space 1024K, 0% used [0x00000000d5d80000,0x00000000d5d80000,0x00000000d5e80000)
 ParOldGen       total 1338880K, used 1338530K [0x0000000080000000, 0x00000000d1b80000, 0x00000000d5580000)
  object space 1338880K, 99% used [0x0000000080000000,0x00000000d1b28900,0x00000000d1b80000)
 Metaspace       used 105382K, committed 107200K, reserved 1179648K
  class space    used 10241K, committed 11136K, reserved 1048576K
}
Event: 611754.972 GC heap before
{Heap before GC invocations=11369 (full 15):
 PSYoungGen      total 7168K, used 6720K [0x00000000d5580000, 0x00000000d5f80000, 0x0000000100000000)
  eden space 6144K, 100% used [0x00000000d5580000,0x00000000d5b80000,0x00000000d5b80000)
  from space 1024K, 56% used [0x00000000d5e80000,0x00000000d5f10000,0x00000000d5f80000)
  to   space 1024K, 0% used [0x00000000d5d80000,0x00000000d5d80000,0x00000000d5e80000)
 ParOldGen       total 1338880K, used 1338530K [0x0000000080000000, 0x00000000d1b80000, 0x00000000d5580000)
  object space 1338880K, 99% used [0x0000000080000000,0x00000000d1b28900,0x00000000d1b80000)
 Metaspace       used 105382K, committed 107200K, reserved 1179648K
  class space    used 10241K, committed 11136K, reserved 1048576K
}
Event: 611754.975 GC heap after
{Heap after GC invocations=11369 (full 15):
 PSYoungGen      total 7168K, used 1018K [0x00000000d5580000, 0x00000000d5f80000, 0x0000000100000000)
  eden space 6144K, 0% used [0x00000000d5580000,0x00000000d5580000,0x00000000d5b80000)
  from space 1024K, 99% used [0x00000000d5d80000,0x00000000d5e7e920,0x00000000d5e80000)
  to   space 1024K, 0% used [0x00000000d5e80000,0x00000000d5e80000,0x00000000d5f80000)
 ParOldGen       total 1339392K, used 1339081K [0x0000000080000000, 0x00000000d1c00000, 0x00000000d5580000)
  object space 1339392K, 99% used [0x0000000080000000,0x00000000d1bb2400,0x00000000d1c00000)
 Metaspace       used 105382K, committed 107200K, reserved 1179648K
  class space    used 10241K, committed 11136K, reserved 1048576K
}
Event: 611754.991 GC heap before
{Heap before GC invocations=11370 (full 15):
 PSYoungGen      total 7168K, used 7162K [0x00000000d5580000, 0x00000000d5f80000, 0x0000000100000000)
  eden space 6144K, 100% used [0x00000000d5580000,0x00000000d5b80000,0x00000000d5b80000)
  from space 1024K, 99% used [0x00000000d5d80000,0x00000000d5e7e920,0x00000000d5e80000)
  to   space 1024K, 0% used [0x00000000d5e80000,0x00000000d5e80000,0x00000000d5f80000)
 ParOldGen       total 1339392K, used 1339081K [0x0000000080000000, 0x00000000d1c00000, 0x00000000d5580000)
  object space 1339392K, 99% used [0x0000000080000000,0x00000000d1bb2400,0x00000000d1c00000)
 Metaspace       used 105382K, committed 107200K, reserved 1179648K
  class space    used 10241K, committed 11136K, reserved 1048576K
}
Event: 611754.994 GC heap after
{Heap after GC invocations=11370 (full 15):
 PSYoungGen      total 7168K, used 896K [0x00000000d5580000, 0x00000000d5f80000, 0x0000000100000000)
  eden space 6144K, 0% used [0x00000000d5580000,0x00000000d5580000,0x00000000d5b80000)
  from space 1024K, 87% used [0x00000000d5e80000,0x00000000d5f60000,0x00000000d5f80000)
  to   space 1536K, 0% used [0x00000000d5c80000,0x00000000d5c80000,0x00000000d5e00000)
 ParOldGen       total 1340416K, used 1340099K [0x0000000080000000, 0x00000000d1d00000, 0x00000000d5580000)
  object space 1340416K, 99% used [0x0000000080000000,0x00000000d1cb0e70,0x00000000d1d00000)
 Metaspace       used 105382K, committed 107200K, reserved 1179648K
  class space    used 10241K, committed 11136K, reserved 1048576K
}
Event: 611755.018 GC heap before
{Heap before GC invocations=11371 (full 15):
 PSYoungGen      total 7168K, used 7040K [0x00000000d5580000, 0x00000000d5f80000, 0x0000000100000000)
  eden space 6144K, 100% used [0x00000000d5580000,0x00000000d5b80000,0x00000000d5b80000)
  from space 1024K, 87% used [0x00000000d5e80000,0x00000000d5f60000,0x00000000d5f80000)
  to   space 1536K, 0% used [0x00000000d5c80000,0x00000000d5c80000,0x00000000d5e00000)
 ParOldGen       total 1340416K, used 1340099K [0x0000000080000000, 0x00000000d1d00000, 0x00000000d5580000)
  object space 1340416K, 99% used [0x0000000080000000,0x00000000d1cb0e70,0x00000000d1d00000)
 Metaspace       used 105382K, committed 107200K, reserved 1179648K
  class space    used 10241K, committed 11136K, reserved 1048576K
}
Event: 611755.021 GC heap after
{Heap after GC invocations=11371 (full 15):
 PSYoungGen      total 7680K, used 528K [0x00000000d5580000, 0x00000000d5f00000, 0x0000000100000000)
  eden space 6144K, 0% used [0x00000000d5580000,0x00000000d5580000,0x00000000d5b80000)
  from space 1536K, 34% used [0x00000000d5c80000,0x00000000d5d04010,0x00000000d5e00000)
  to   space 1024K, 0% used [0x00000000d5e00000,0x00000000d5e00000,0x00000000d5f00000)
 ParOldGen       total 1341440K, used 1340931K [0x0000000080000000, 0x00000000d1e00000, 0x00000000d5580000)
  object space 1341440K, 99% used [0x0000000080000000,0x00000000d1d80f10,0x00000000d1e00000)
 Metaspace       used 105382K, committed 107200K, reserved 1179648K
  class space    used 10241K, committed 11136K, reserved 1048576K
}
Event: 611755.315 GC heap before
{Heap before GC invocations=11372 (full 15):
 PSYoungGen      total 7680K, used 6672K [0x00000000d5580000, 0x00000000d5f00000, 0x0000000100000000)
  eden space 6144K, 100% used [0x00000000d5580000,0x00000000d5b80000,0x00000000d5b80000)
  from space 1536K, 34% used [0x00000000d5c80000,0x00000000d5d04010,0x00000000d5e00000)
  to   space 1024K, 0% used [0x00000000d5e00000,0x00000000d5e00000,0x00000000d5f00000)
 ParOldGen       total 1341440K, used 1340931K [0x0000000080000000, 0x00000000d1e00000, 0x00000000d5580000)
  object space 1341440K, 99% used [0x0000000080000000,0x00000000d1d80f10,0x00000000d1e00000)
 Metaspace       used 105382K, committed 107200K, reserved 1179648K
  class space    used 10241K, committed 11136K, reserved 1048576K
}
Event: 611755.318 GC heap after
{Heap after GC invocations=11372 (full 15):
 PSYoungGen      total 7168K, used 976K [0x00000000d5580000, 0x00000000d5f00000, 0x0000000100000000)
  eden space 6144K, 0% used [0x00000000d5580000,0x00000000d5580000,0x00000000d5b80000)
  from space 1024K, 95% used [0x00000000d5e00000,0x00000000d5ef4140,0x00000000d5f00000)
  to   space 1536K, 0% used [0x00000000d5c00000,0x00000000d5c00000,0x00000000d5d80000)
 ParOldGen       total 1341440K, used 1341391K [0x0000000080000000, 0x00000000d1e00000, 0x00000000d5580000)
  object space 1341440K, 99% used [0x0000000080000000,0x00000000d1df3f60,0x00000000d1e00000)
 Metaspace       used 105382K, committed 107200K, reserved 1179648K
  class space    used 10241K, committed 11136K, reserved 1048576K
}
Event: 611755.351 GC heap before
{Heap before GC invocations=11373 (full 15):
 PSYoungGen      total 7168K, used 7120K [0x00000000d5580000, 0x00000000d5f00000, 0x0000000100000000)
  eden space 6144K, 100% used [0x00000000d5580000,0x00000000d5b80000,0x00000000d5b80000)
  from space 1024K, 95% used [0x00000000d5e00000,0x00000000d5ef4140,0x00000000d5f00000)
  to   space 1536K, 0% used [0x00000000d5c00000,0x00000000d5c00000,0x00000000d5d80000)
 ParOldGen       total 1341440K, used 1341391K [0x0000000080000000, 0x00000000d1e00000, 0x00000000d5580000)
  object space 1341440K, 99% used [0x0000000080000000,0x00000000d1df3f60,0x00000000d1e00000)
 Metaspace       used 105382K, committed 107200K, reserved 1179648K
  class space    used 10241K, committed 11136K, reserved 1048576K
}
Event: 611755.353 GC heap after
{Heap after GC invocations=11373 (full 15):
 PSYoungGen      total 7680K, used 256K [0x00000000d5580000, 0x00000000d5e80000, 0x0000000100000000)
  eden space 6144K, 0% used [0x00000000d5580000,0x00000000d5580000,0x00000000d5b80000)
  from space 1536K, 16% used [0x00000000d5c00000,0x00000000d5c40000,0x00000000d5d80000)
  to   space 1024K, 0% used [0x00000000d5d80000,0x00000000d5d80000,0x00000000d5e80000)
 ParOldGen       total 1342464K, used 1342062K [0x0000000080000000, 0x00000000d1f00000, 0x00000000d5580000)
  object space 1342464K, 99% used [0x0000000080000000,0x00000000d1e9ba10,0x00000000d1f00000)
 Metaspace       used 105382K, committed 107200K, reserved 1179648K
  class space    used 10241K, committed 11136K, reserved 1048576K
}

